2023年03月06日10:39:35 
更新所有分支

2023年 3月 6日 星期一 10时49分47秒 CST
bash update_all_branches.sh
2023年 3月 6日 星期一 10时51分33秒 CST
bash update_all_branches.sh
2023年 3月 6日 星期一 10时51分49秒 CST
bash update_all_branches.sh

2023年 3月 6日 星期一 10时51分59秒 CST
bash update_all_branches.sh

Mon Mar  6 11:12:55 CST 2023
bash update_all_branches.sh\n
2023年 3月 7日 星期二 01时19分09秒 CST
bash update_all_branches.sh

2023年 3月 7日 星期二 01时19分21秒 CST
bash update_all_branches.sh

2023年 3月 7日 星期二 01时19分38秒 CST
bash update_all_branches.sh\n
2023年 3月 7日 星期二 09时25分00秒 CST
bash update_all_branches.sh\n
